[29-May-2019 20:48:49] NOTICE: fpm is running, pid 20590
[29-May-2019 20:48:49] NOTICE: ready to handle connections
[30-May-2019 15:14:25] NOTICE: Finishing ...
[30-May-2019 15:14:25] NOTICE: exiting, bye-bye!
[30-May-2019 15:14:26] NOTICE: fpm is running, pid 16545
[30-May-2019 15:14:26] NOTICE: ready to handle connections
[18-Jun-2019 11:39:29] NOTICE: Finishing ...
[18-Jun-2019 11:39:29] NOTICE: exiting, bye-bye!
[18-Jun-2019 11:39:30] NOTICE: fpm is running, pid 13055
[18-Jun-2019 11:39:31] NOTICE: ready to handle connections
[12-Aug-2019 11:40:26] NOTICE: Reloading in progress ...
[12-Aug-2019 11:40:26] NOTICE: reloading: execvp("/usr/local/php/sbin/php-fpm", {"/usr/local/php/sbin/php-fpm", "--daemonize", "--fpm-config", "/usr/local/php/etc/php-fpm.conf", "--pid", "/usr/local/php/var/run/php-fpm.pid"})
[12-Aug-2019 11:40:26] NOTICE: using inherited socket fd=7, "/tmp/php-cgi.sock"
[12-Aug-2019 11:40:26] NOTICE: using inherited socket fd=7, "/tmp/php-cgi.sock"
[12-Aug-2019 11:40:26] NOTICE: fpm is running, pid 19363
[12-Aug-2019 11:40:26] NOTICE: ready to handle connections
[12-Aug-2019 14:28:46] NOTICE: Reloading in progress ...
[12-Aug-2019 14:28:46] NOTICE: reloading: execvp("/usr/local/php/sbin/php-fpm", {"/usr/local/php/sbin/php-fpm", "--daemonize", "--fpm-config", "/usr/local/php/etc/php-fpm.conf", "--pid", "/usr/local/php/var/run/php-fpm.pid"})
[12-Aug-2019 14:28:46] ERROR: [pool www] please specify user and group other than root
[12-Aug-2019 14:28:46] ERROR: [pool www] please specify user and group other than root
[12-Aug-2019 14:28:46] ERROR: FPM initialization failed
[12-Aug-2019 14:28:46] ERROR: FPM initialization failed
[12-Aug-2019 14:30:45] NOTICE: fpm is running, pid 20549
[12-Aug-2019 14:30:45] NOTICE: ready to handle connections
[12-Aug-2019 14:31:10] ERROR: [pool www] please specify user and group other than root
[12-Aug-2019 14:31:10] ERROR: FPM initialization failed
[12-Aug-2019 14:31:15] NOTICE: Finishing ...
[12-Aug-2019 14:31:15] NOTICE: exiting, bye-bye!
[12-Aug-2019 14:31:20] ERROR: [pool www] please specify user and group other than root
[12-Aug-2019 14:31:20] ERROR: FPM initialization failed
[12-Aug-2019 14:31:40] ERROR: [pool www] please specify user and group other than root
[12-Aug-2019 14:31:40] ERROR: FPM initialization failed
[12-Aug-2019 14:31:50] NOTICE: fpm is running, pid 20640
[12-Aug-2019 14:31:50] NOTICE: ready to handle connections
[16-Aug-2019 15:19:42] WARNING: [pool www] seems busy (you may need to increase pm.start_servers, or pm.min/max_spare_servers), spawning 8 children, there are 0 idle, and 33 total children
[16-Aug-2019 15:19:43] WARNING: [pool www] server reached pm.max_children setting (40), consider raising it
[19-Aug-2019 15:34:01] NOTICE: Finishing ...
[19-Aug-2019 15:34:01] NOTICE: exiting, bye-bye!
[19-Aug-2019 15:34:02] NOTICE: fpm is running, pid 13072
[19-Aug-2019 15:34:02] NOTICE: ready to handle connections
[19-Aug-2019 15:34:59] NOTICE: Finishing ...
[19-Aug-2019 15:34:59] NOTICE: exiting, bye-bye!
[19-Aug-2019 15:35:00] NOTICE: fpm is running, pid 13109
[19-Aug-2019 15:35:00] NOTICE: ready to handle connections
[19-Aug-2019 15:35:21] NOTICE: Finishing ...
[19-Aug-2019 15:35:21] NOTICE: exiting, bye-bye!
[19-Aug-2019 15:35:22] NOTICE: fpm is running, pid 13152
[19-Aug-2019 15:35:22] NOTICE: ready to handle connections
[19-Aug-2019 15:44:30] NOTICE: Finishing ...
[19-Aug-2019 15:44:30] NOTICE: exiting, bye-bye!
[19-Aug-2019 15:44:31] NOTICE: fpm is running, pid 13249
[19-Aug-2019 15:44:31] NOTICE: ready to handle connections
[19-Aug-2019 16:30:21] NOTICE: Finishing ...
[19-Aug-2019 16:30:21] NOTICE: exiting, bye-bye!
[19-Aug-2019 16:30:22] NOTICE: fpm is running, pid 13699
[19-Aug-2019 16:30:22] NOTICE: ready to handle connections
[19-Aug-2019 16:37:02] NOTICE: Finishing ...
[19-Aug-2019 16:37:02] NOTICE: exiting, bye-bye!
[19-Aug-2019 16:37:03] NOTICE: fpm is running, pid 13779
[19-Aug-2019 16:37:03] NOTICE: ready to handle connections
[19-Aug-2019 16:41:09] NOTICE: Finishing ...
[19-Aug-2019 16:41:09] NOTICE: exiting, bye-bye!
[19-Aug-2019 16:41:10] NOTICE: fpm is running, pid 13864
[19-Aug-2019 16:41:10] NOTICE: ready to handle connections
[19-Aug-2019 17:09:46] NOTICE: Finishing ...
[19-Aug-2019 17:09:46] NOTICE: exiting, bye-bye!
[19-Aug-2019 17:09:47] NOTICE: fpm is running, pid 14046
[19-Aug-2019 17:09:47] NOTICE: ready to handle connections
[19-Aug-2019 19:24:39] NOTICE: Finishing ...
[19-Aug-2019 19:24:39] NOTICE: exiting, bye-bye!
[19-Aug-2019 19:24:40] NOTICE: fpm is running, pid 14878
[19-Aug-2019 19:24:40] NOTICE: ready to handle connections
[19-Aug-2019 20:27:19] NOTICE: Finishing ...
[19-Aug-2019 20:27:19] NOTICE: exiting, bye-bye!
[19-Aug-2019 20:27:20] NOTICE: fpm is running, pid 15338
[19-Aug-2019 20:27:20] NOTICE: ready to handle connections
[19-Aug-2019 21:54:48] NOTICE: Finishing ...
[19-Aug-2019 21:54:48] NOTICE: exiting, bye-bye!
[19-Aug-2019 21:54:49] NOTICE: fpm is running, pid 15849
[19-Aug-2019 21:54:49] NOTICE: ready to handle connections
[19-Aug-2019 22:41:32] NOTICE: Finishing ...
[19-Aug-2019 22:41:32] NOTICE: exiting, bye-bye!
[19-Aug-2019 22:41:33] NOTICE: fpm is running, pid 16332
[19-Aug-2019 22:41:33] NOTICE: ready to handle connections
[19-Aug-2019 23:18:54] NOTICE: Finishing ...
[19-Aug-2019 23:18:54] NOTICE: exiting, bye-bye!
[19-Aug-2019 23:18:55] NOTICE: fpm is running, pid 16577
[19-Aug-2019 23:18:55] NOTICE: ready to handle connections
[20-Aug-2019 09:53:06] NOTICE: Finishing ...
[20-Aug-2019 09:53:06] NOTICE: exiting, bye-bye!
[20-Aug-2019 09:53:07] NOTICE: fpm is running, pid 20277
[20-Aug-2019 09:53:07] NOTICE: ready to handle connections
[20-Aug-2019 11:20:52] NOTICE: Finishing ...
[20-Aug-2019 11:20:52] NOTICE: exiting, bye-bye!
[20-Aug-2019 11:20:53] NOTICE: fpm is running, pid 21144
[20-Aug-2019 11:20:53] NOTICE: ready to handle connections
[17-Oct-2019 16:27:15] NOTICE: Finishing ...
[17-Oct-2019 16:27:15] NOTICE: exiting, bye-bye!
[17-Oct-2019 16:27:16] NOTICE: fpm is running, pid 17119
[17-Oct-2019 16:27:16] NOTICE: ready to handle connections
[28-Nov-2019 14:55:53] NOTICE: Finishing ...
[28-Nov-2019 14:55:53] NOTICE: exiting, bye-bye!
[28-Nov-2019 14:55:54] NOTICE: fpm is running, pid 19582
[28-Nov-2019 14:55:54] NOTICE: ready to handle connections
